<?xml version="1.0" encoding="UTF-8"?>
<!-- Generated by org.testng.reporters.JUnitReportReporter -->
<testsuite hostname="VASANTH" failures="0" tests="1" name="package1.LaunchApp" time="6.253" errors="0" timestamp="18 Sep 2024 01:49:50 GMT">
  <testcase classname="package1.LaunchApp" name="launchTest" time="6.253"/>
</testsuite> <!-- package1.LaunchApp -->
